<?xml version="1.0" encoding="UTF-8"?>
<!-- Generated by org.testng.reporters.JUnitReportReporter -->
<testsuite hostname="DESKTOP-BA2SE9D" failures="0" tests="2" name="samplePackage.testcase" time="51.621" errors="0" timestamp="2019-09-20T15:01:17 PDT" skipped="0">
  <testcase classname="samplePackage.testcase" name="homepagenavigation" time="26.269"/>
  <testcase classname="samplePackage.testcase" name="homepagenavigation" time="25.352"/>
</testsuite> <!-- samplePackage.testcase -->
